<?xml version="1.0" encoding="UTF-8"?>
<!-- Generated by org.testng.reporters.JUnitReportReporter -->
<testsuite hostname="DESKTOP-BQ0P0UJ" failures="0" tests="1" name="tests.GetResourceList" time="2.908" errors="0" timestamp="2023-03-16T01:50:42 IST" skipped="0">
  <testcase classname="tests.GetResourceList" name="getResourceListTest" time="2.908"/>
  <system-out/>
</testsuite> <!-- tests.GetResourceList -->
