<?xml version="1.0" encoding="UTF-8"?>
<!-- Generated by org.testng.reporters.JUnitReportReporter -->
<testsuite hostname="DESKTOP-BQ0P0UJ" failures="0" tests="1" name="tests.GetUsersList" time="4.476" errors="0" timestamp="2023-03-16T01:16:01 IST" skipped="0">
  <testcase classname="tests.GetUsersList" name="getUsersListTest" time="4.476"/>
  <system-out/>
</testsuite> <!-- tests.GetUsersList -->
