<?xml version="1.0" encoding="UTF-8"?>
<!-- Generated by org.testng.reporters.JUnitReportReporter -->
<testsuite hostname="DESKTOP-BQ0P0UJ" failures="0" tests="1" name="tests.GetUsersList" time="2.978" errors="0" timestamp="2023-03-20T20:35:41 IST" skipped="0">
  <testcase classname="tests.GetUsersList" name="getUsersListTest" time="2.978"/>
  <system-out/>
</testsuite> <!-- tests.GetUsersList -->
